Flutter crash report; please file at https://github.com/flutter/flutter/issues.

## command

flutter build flx --suppress-analytics --target C:\Users\tjean\projet\choices\lib\main.dart --output-file C:\Users\tjean\projet\choices\build\app\intermediates\flutter\debug/app.flx --snapshot C:\Users\tjean\projet\choices\build\app\intermediates\flutter\debug/snapshot_blob.bin --depfile C:\Users\tjean\projet\choices\build\app\intermediates\flutter\debug/snapshot_blob.bin.d --working-dir C:\Users\tjean\projet\choices\build\app\intermediates\flutter\debug/flutter_assets

## exception

FileSystemException: FileSystemException: Deletion failed, path = 'C:\Users\tjean\projet\choices\build\app\intermediates\flutter\debug/flutter_assets' (OS Error: Le fichier spécifié est introuvable.
, errno = 2)

```
#0      _Directory._deleteSync (dart:io/directory_impl.dart:174)
#1      FileSystemEntity.deleteSync (dart:io/file_system_entity.dart:451)
#2      ForwardingFileSystemEntity.deleteSync (package:file/src/forwarding/forwarding_file_system_entity.dart:68)
#3      _ArchiveZipBuilder.createZip (package:flutter_tools/src/zip.dart:37)
<asynchronous suspension>
#4      assemble (package:flutter_tools/src/flx.dart:174)
<asynchronous suspension>
#5      build (package:flutter_tools/src/flx.dart:100)
<asynchronous suspension>
#6      BuildFlxCommand.runCommand (package:flutter_tools/src/commands/build_flx.dart:50)
<asynchronous suspension>
#7      FlutterCommand.verifyThenRunCommand (package:flutter_tools/src/runner/flutter_command.dart:290)
<asynchronous suspension>
#8      FlutterCommand.run (package:flutter_tools/src/runner/flutter_command.dart:228)
<asynchronous suspension>
#9      CommandRunner.runCommand (package:args/command_runner.dart:194)
<asynchronous suspension>
#10     FlutterCommandRunner.runCommand (package:flutter_tools/src/runner/flutter_command_runner.dart:286)
<asynchronous suspension>
#11     CommandRunner.run.<anonymous closure> (package:args/command_runner.dart:109)
#12     new Future.sync (dart:async/future.dart:222)
#13     CommandRunner.run (package:args/command_runner.dart:109)
#14     FlutterCommandRunner.run (package:flutter_tools/src/runner/flutter_command_runner.dart:166)
#15     run.<anonymous closure> (package:flutter_tools/runner.dart:90)
<asynchronous suspension>
#16     AppContext._run (package:flutter_tools/src/base/context.dart:76)
<asynchronous suspension>
#17     AppContext.runInZone.<anonymous closure> (package:flutter_tools/src/base/context.dart:66)
#18     _rootRun (dart:async/zone.dart:1126)
#19     _CustomZone.run (dart:async/zone.dart:1023)
#20     runZoned (dart:async/zone.dart:1501)
#21     AppContext.runInZone (package:flutter_tools/src/base/context.dart:65)
#22     run (package:flutter_tools/runner.dart:61)
<asynchronous suspension>
#23     main (package:flutter_tools/executable.dart:48)
<asynchronous suspension>
#24     main (file:///C:/Users/tjean/flutter/packages/flutter_tools/bin/flutter_tools.dart:16)
#25     _startIsolate.<anonymous closure> (dart:isolate-patch/dart:isolate/isolate_patch.dart:277)
#26     _RawReceivePortImpl._handleMessage (dart:isolate-patch/dart:isolate/isolate_patch.dart:165)
```

## flutter doctor

```
[✓] Flutter (Channel beta, v0.1.5, on Microsoft Windows [version 10.0.16299.371], locale fr-FR)
    • Flutter version 0.1.5 at C:\Users\tjean\flutter
    • Framework revision 3ea4d06340 (7 weeks ago), 2018-02-22 11:12:39 -0800
    • Engine revision ead227f118
    • Dart version 2.0.0-dev.28.0.flutter-0b4f01f759

[✓] Android toolchain - develop for Android devices (Android SDK 27.0.3)
    • Android SDK at C:\Users\tjean\AppData\Local\Android\sdk
    • Android NDK location not configured (optional; useful for native profiling support)
    • Platform android-27, build-tools 27.0.3
    • Java binary at: C:\Program Files\Android\Android Studio\jre\bin\java
    • Java version OpenJDK Runtime Environment (build 1.8.0_152-release-915-b01)

[✓] Android Studio (version 3.0)
    • Android Studio at C:\Program Files\Android\Android Studio
    • Java version OpenJDK Runtime Environment (build 1.8.0_152-release-915-b01)

[✓] IntelliJ IDEA Community Edition (version 2017.3)
    • Flutter plugin version 22.2.2
    • Dart plugin version 173.4548.30

[✓] VS Code (version 1.21.0)
    • VS Code at C:\Program Files\Microsoft VS Code
    • Dart Code extension version 2.11.2

[✓] Connected devices (1 available)
    • XT1068 • ZX1D2274GT • android-arm • Android 6.0 (API 23)

• No issues found!
```
